<?xml version="1.0" encoding="UTF-8"?>
<!-- Generated by org.testng.reporters.JUnitReportReporter -->
<testsuite hostname="DESKTOP-KF7URRH" failures="0" tests="2" name="testng.ParallelTesting" time="19.300" errors="0" timestamp="2024-07-18T18:50:40 GMT-04:00" skipped="0">
  <testcase classname="testng.ParallelTesting" name="login" time="10.685"/>
  <testcase classname="testng.ParallelTesting" name="login" time="8.615"/>
</testsuite> <!-- testng.ParallelTesting -->
