<?xml version="1.0" encoding="UTF-8"?>
<!-- Generated by org.testng.reporters.JUnitReportReporter -->
<testsuite hostname="DESKTOP-KF7URRH" failures="0" tests="2" name="testng.NewTest" time="4.491" errors="0" timestamp="2023-07-16T13:31:43 GMT-04:00" skipped="0">
  <testcase classname="testng.NewTest" name="login" time="3.385"/>
  <testcase classname="testng.NewTest" name="close" time="1.106"/>
</testsuite> <!-- testng.NewTest -->
