<?xml version="1.0" encoding="UTF-8"?>
<!-- Generated by org.testng.reporters.JUnitReportReporter -->
<testsuite hostname="DESKTOP-KF7URRH" failures="0" tests="5" name="testng.Annotations" time="4.331" errors="0" timestamp="2023-07-16T15:09:28 GMT-04:00" skipped="0">
  <testcase classname="testng.Annotations" name="login" time="2.276"/>
  <testcase classname="testng.Annotations" name="login" time="1.481"/>
  <testcase classname="testng.Annotations" name="gotonextpage" time="0.572"/>
  <testcase classname="testng.Annotations" name="test3" time="0.001"/>
  <testcase classname="testng.Annotations" name="test4" time="0.001"/>
</testsuite> <!-- testng.Annotations -->
